\BOOKMARK [1][-]{section.1}{\376\377\000I\000n\000t\000r\000o\000d\000u\000c\000t\000i\000o\000n}{}% 1
\BOOKMARK [2][-]{subsection.1.1}{\376\377\000B\000u\000s\000i\000n\000e\000s\000s\000\040\000C\000a\000s\000e}{section.1}% 2
\BOOKMARK [2][-]{subsection.1.2}{\376\377\000D\000a\000t\000a\000s\000e\000t\000:\000\040\000H\000o\000u\000s\000e\000\040\000S\000a\000l\000e\000s\000\040\000i\000n\000\040\000K\000i\000n\000g\000\040\000C\000o\000u\000n\000t\000y\000,\000\040\000U\000S\000A}{section.1}% 3
\BOOKMARK [2][-]{subsection.1.3}{\376\377\000K\000i\000n\000g\000\040\000C\000o\000u\000n\000t\000y\000,\000\040\000U\000S\000A}{section.1}% 4
\BOOKMARK [2][-]{subsection.1.4}{\376\377\000R\000e\000q\000u\000i\000r\000e\000d\000\040\000l\000i\000b\000r\000a\000r\000i\000e\000s}{section.1}% 5
\BOOKMARK [1][-]{section.2}{\376\377\000I\000m\000p\000o\000r\000t\000i\000n\000g\000\040\000D\000a\000t\000a\000\040\000S\000e\000t\000s}{}% 6
\BOOKMARK [2][-]{subsubsection.2.0.1}{\376\377\000D\000a\000t\000a\000\040\000t\000y\000p\000e\000s}{section.2}% 7
\BOOKMARK [1][-]{section.3}{\376\377\000D\000a\000t\000a\000\040\000W\000r\000a\000n\000g\000l\000i\000n\000g}{}% 8
\BOOKMARK [2][-]{subsubsection.3.0.1}{\376\377\000C\000l\000e\000a\000n\000i\000n\000g\000\040\000t\000h\000e\000\040\000d\000a\000t\000a\000f\000r\000a\000m\000e}{section.3}% 9
\BOOKMARK [3][-]{subsubsection.3.0.2}{\376\377\000D\000e\000t\000e\000c\000t\000\040\000a\000n\000d\000\040\000r\000e\000p\000l\000a\000c\000e\000\040\000m\000i\000s\000s\000i\000n\000g\000\040\000v\000a\000l\000u\000e\000s}{subsubsection.3.0.1}% 10
\BOOKMARK [1][-]{section.4}{\376\377\000E\000x\000p\000l\000o\000r\000a\000t\000o\000r\000y\000\040\000D\000a\000t\000a\000\040\000A\000n\000a\000l\000y\000s\000i\000s\000\040\000\050\000E\000D\000A\000\051}{}% 11
\BOOKMARK [2][-]{subsection.4.1}{\376\377\000N\000u\000m\000b\000e\000r\000\040\000o\000f\000\040\000h\000o\000u\000s\000e\000s\000\040\000w\000i\000t\000h\000\040\000u\000n\000i\000q\000u\000e\000\040\000f\000l\000o\000o\000r\000\040\000v\000a\000l\000u\000e\000s}{section.4}% 12
\BOOKMARK [2][-]{subsection.4.2}{\376\377\000H\000o\000m\000e\000\040\000p\000r\000i\000c\000e\000\040\000o\000u\000t\000l\000i\000e\000r\000s}{section.4}% 13
\BOOKMARK [2][-]{subsection.4.3}{\376\377\000C\000o\000r\000r\000e\000l\000a\000t\000i\000o\000n\000\040\000s\000q\000f\000t\000\137\000a\000b\000o\000v\000e\000\040\000w\000i\000t\000h\000\040\000p\000r\000i\000c\000e\000.}{section.4}% 14
\BOOKMARK [2][-]{subsection.4.4}{\376\377\000P\000r\000i\000c\000e\000\040\000v\000.\000\040\000f\000e\000a\000t\000u\000r\000e\000s\000.\000\040\000C\000o\000r\000r\000e\000l\000a\000t\000i\000o\000n\000\040\000t\000a\000b\000l\000e\000.}{section.4}% 15
\BOOKMARK [1][-]{section.5}{\376\377\000V\000i\000s\000u\000a\000l\000\040\000a\000n\000a\000l\000y\000t\000i\000c\000s\000\040\000w\000i\000t\000h\000\040\000F\000o\000l\000i\000u\000m}{}% 16
\BOOKMARK [2][-]{subsection.5.1}{\376\377\000M\000o\000s\000t\000\040\000e\000x\000p\000e\000n\000s\000i\000v\000e\000\040\000h\000o\000u\000s\000e\000s}{section.5}% 17
\BOOKMARK [2][-]{subsection.5.2}{\376\377\000L\000e\000a\000s\000t\000\040\000e\000x\000p\000e\000n\000s\000i\000v\000e\000\040\000h\000o\000u\000s\000e\000s}{section.5}% 18
\BOOKMARK [1][-]{section.6}{\376\377\000M\000o\000d\000e\000l\000\040\000D\000e\000v\000e\000l\000o\000p\000m\000e\000n\000t}{}% 19
\BOOKMARK [2][-]{subsection.6.1}{\376\377\000P\000r\000e\000l\000i\000m\000i\000n\000a\000r\000y\000\040\000s\000t\000a\000g\000e\000.}{section.6}% 20
\BOOKMARK [2][-]{subsection.6.2}{\376\377\000F\000i\000t\000t\000i\000n\000g\000\040\000l\000i\000n\000e\000a\000r\000\040\000m\000o\000d\000e\000l\000\040\000r\000e\000g\000r\000e\000s\000s\000i\000o\000n\000\040\000w\000i\000t\000h\000\040\000m\000u\000l\000t\000i\000p\000l\000e\000\040\000f\000e\000a\000t\000u\000r\000e\000s}{section.6}% 21
\BOOKMARK [3][-]{subsubsection.6.2.1}{\376\377\000P\000o\000l\000y\000n\000o\000m\000i\000a\000l\000\040\000r\000e\000g\000r\000e\000s\000s\000i\000o\000n}{subsection.6.2}% 22
\BOOKMARK [2][-]{subsection.6.3}{\376\377\000P\000o\000l\000y\000n\000o\000m\000i\000a\000l\000\040\000R\000e\000g\000r\000e\000s\000s\000i\000o\000n\000\040\000-\000\040\000M\000o\000d\000e\000l\000\040\000E\000v\000a\000l\000u\000a\000t\000i\000o\000n\000\040\000a\000n\000d\000\040\000R\000e\000f\000i\000n\000e\000m\000e\000n\000t}{section.6}% 23
\BOOKMARK [3][-]{subsubsection.6.3.1}{\376\377\000P\000o\000l\000y\000n\000o\000m\000i\000a\000l\000\040\000r\000e\000g\000r\000e\000s\000s\000i\000o\000n\000\040\000o\000r\000d\000e\000r\000\040\0002\000\040\000a\000n\000d\000\040\0003}{subsection.6.3}% 24
\BOOKMARK [3][-]{subsubsection.6.3.2}{\376\377\000R\000i\000d\000g\000e\000\040\000r\000e\000g\000r\000e\000s\000s\000i\000o\000n\000\040\000o\000r\000d\000e\000r\000\040\0002\000,\000\040\0003\000.}{subsection.6.3}% 25
\BOOKMARK [3][-]{subsubsection.6.3.3}{\376\377\000S\000p\000l\000i\000n\000e\000\040\000R\000e\000g\000r\000e\000s\000s\000i\000o\000n\000\040\000M\000o\000d\000e\000l}{subsection.6.3}% 26
\BOOKMARK [1][-]{section.7}{\376\377\000C\000O\000N\000C\000L\000U\000S\000I\000O\000N\000S}{}% 27
